This is pdfeTeXk, Version 3.141592-1.21a-2.2 (Web2C 7.5.4) (format=pdflatex 2008.3.10)  29 JUN 2009 21:30
entering extended mode
 file:line:error style messages enabled.
**tc1.tex
(./tc1.tex
LaTeX2e <2003/12/01>
Babel <v3.8d> and hyphenation patterns for american, french, german, ngerman, b
ahasa, basque, bulgarian, catalan, croatian, czech, danish, dutch, esperanto, e
stonian, finnish, greek, icelandic, irish, italian, latin, magyar, norsk, polis
h, portuges, romanian, russian, serbian, slovak, slovene, spanish, swedish, tur
kish, ukrainian, nohyphenation, loaded.
(./abnt.cls
Document Class: abnt 2002/11/27 versao 1.1 patch 1 da Classe LaTeX2e ABNT
(/opt/local/share/texmf-dist/tex/latex/base/ifthen.sty
Package: ifthen 2001/05/26 v1.1c Standard LaTeX ifthen package (DPC)
)
(/opt/local/share/texmf-dist/tex/latex/tools/calc.sty
Package: calc 1998/07/07 v4.1b Infix arithmetic (KKT,FJ)
\calc@Acount=\count79
\calc@Bcount=\count80
\calc@Adimen=\dimen102
\calc@Bdimen=\dimen103
\calc@Askip=\skip41
\calc@Bskip=\skip42
LaTeX Info: Redefining \setlength on input line 59.
LaTeX Info: Redefining \addtolength on input line 60.
\calc@denominator=\count81
)
(/opt/local/share/texmf-dist/tex/latex/tools/multicol.sty
Package: multicol 2004/02/14 v1.6e multicolumn formatting (FMi)
\c@tracingmulticols=\count82
\mult@box=\box26
\multicol@leftmargin=\dimen104
\c@unbalance=\count83
\c@collectmore=\count84
\doublecol@number=\count85
\multicoltolerance=\count86
\multicolpretolerance=\count87
\full@width=\dimen105
\page@free=\dimen106
\premulticols=\dimen107
\postmulticols=\dimen108
\multicolsep=\skip43
\multicolbaselineskip=\skip44
\partial@page=\box27
\last@line=\box28
\mult@rightbox=\box29
\mult@grightbox=\box30
\mult@gfirstbox=\box31
\mult@firstbox=\box32
\@tempa=\box33
\@tempa=\box34
\@tempa=\box35
\@tempa=\box36
\@tempa=\box37
\@tempa=\box38
\@tempa=\box39
\@tempa=\box40
\@tempa=\box41
\@tempa=\box42
\@tempa=\box43
\@tempa=\box44
\@tempa=\box45
\@tempa=\box46
\@tempa=\box47
\@tempa=\box48
\@tempa=\box49
\c@columnbadness=\count88
\c@finalcolumnbadness=\count89
\last@try=\dimen109
\multicolovershoot=\dimen110
\multicolundershoot=\dimen111
\mult@nat@firstbox=\box50
\colbreak@box=\box51
)
(/opt/local/share/texmf-dist/tex/latex/base/report.cls
Document Class: report 2004/02/16 v1.4f Standard LaTeX document class
(/opt/local/share/texmf-dist/tex/latex/base/size12.clo
File: size12.clo 2004/02/16 v1.4f Standard LaTeX file (size option)
)
\c@part=\count90
\c@chapter=\count91
\c@section=\count92
\c@subsection=\count93
\c@subsubsection=\count94
\c@paragraph=\count95
\c@subparagraph=\count96
\c@figure=\count97
\c@table=\count98
\abovecaptionskip=\skip45
\belowcaptionskip=\skip46
\bibindent=\dimen112
)
(/opt/local/share/texmf-dist/tex/latex/setspace/setspace.sty
Package: setspace 2000/12/01 6.7 Contributed and Supported LaTeX2e package

Package: `setspace' 6.7 <2000/12/01>
)
\ABNTanapindent=\skip47
\ABNTsignwidth=\skip48
\ABNTsignthickness=\skip49
\ABNTsignskip=\skip50
 (/opt/local/share/texmf-dist/tex/latex/tools/indentfirst.sty
Package: indentfirst 1995/11/23 v1.03 Indent first paragraph (DPC)
))
(/opt/local/share/texmf-dist/tex/latex/base/inputenc.sty
Package: inputenc 2004/02/05 v1.0d Input encoding file

(/opt/local/share/texmf-dist/tex/latex/base/utf8.def
File: utf8.def 2004/02/09 v1.1b UTF-8 support for inputenc
Now handling font encoding OML ...
... no UTF-8 mapping file for font encoding OML
Now handling font encoding T1 ...
... processing UTF-8 mapping file for font encoding T1

(/opt/local/share/texmf-dist/tex/latex/base/t1enc.dfu
File: t1enc.dfu 2004/02/09 v1.1b UTF-8 support for inputenc
   defining Unicode char U+00A1 (decimal 161)
   defining Unicode char U+00A3 (decimal 163)
   defining Unicode char U+00AB (decimal 171)
   defining Unicode char U+00BB (decimal 187)
   defining Unicode char U+00BF (decimal 191)
   defining Unicode char U+00C0 (decimal 192)
   defining Unicode char U+00C1 (decimal 193)
   defining Unicode char U+00C2 (decimal 194)
   defining Unicode char U+00C3 (decimal 195)
   defining Unicode char U+00C4 (decimal 196)
   defining Unicode char U+00C5 (decimal 197)
   defining Unicode char U+00C6 (decimal 198)
   defining Unicode char U+00C7 (decimal 199)
   defining Unicode char U+00C8 (decimal 200)
   defining Unicode char U+00C9 (decimal 201)
   defining Unicode char U+00CA (decimal 202)
   defining Unicode char U+00CB (decimal 203)
   defining Unicode char U+00CC (decimal 204)
   defining Unicode char U+00CD (decimal 205)
   defining Unicode char U+00CE (decimal 206)
   defining Unicode char U+00CF (decimal 207)
   defining Unicode char U+00D0 (decimal 208)
   defining Unicode char U+00D1 (decimal 209)
   defining Unicode char U+00D2 (decimal 210)
   defining Unicode char U+00D3 (decimal 211)
   defining Unicode char U+00D4 (decimal 212)
   defining Unicode char U+00D5 (decimal 213)
   defining Unicode char U+00D6 (decimal 214)
   defining Unicode char U+00D8 (decimal 216)
   defining Unicode char U+00D9 (decimal 217)
   defining Unicode char U+00DA (decimal 218)
   defining Unicode char U+00DB (decimal 219)
   defining Unicode char U+00DC (decimal 220)
   defining Unicode char U+00DD (decimal 221)
   defining Unicode char U+00DE (decimal 222)
   defining Unicode char U+00DF (decimal 223)
   defining Unicode char U+00E0 (decimal 224)
   defining Unicode char U+00E1 (decimal 225)
   defining Unicode char U+00E2 (decimal 226)
   defining Unicode char U+00E3 (decimal 227)
   defining Unicode char U+00E4 (decimal 228)
   defining Unicode char U+00E5 (decimal 229)
   defining Unicode char U+00E6 (decimal 230)
   defining Unicode char U+00E7 (decimal 231)
   defining Unicode char U+00E8 (decimal 232)
   defining Unicode char U+00E9 (decimal 233)
   defining Unicode char U+00EA (decimal 234)
   defining Unicode char U+00EB (decimal 235)
   defining Unicode char U+00EC (decimal 236)
   defining Unicode char U+00ED (decimal 237)
   defining Unicode char U+00EE (decimal 238)
   defining Unicode char U+00EF (decimal 239)
   defining Unicode char U+00F0 (decimal 240)
   defining Unicode char U+00F1 (decimal 241)
   defining Unicode char U+00F2 (decimal 242)
   defining Unicode char U+00F3 (decimal 243)
   defining Unicode char U+00F4 (decimal 244)
   defining Unicode char U+00F5 (decimal 245)
   defining Unicode char U+00F6 (decimal 246)
   defining Unicode char U+00F8 (decimal 248)
   defining Unicode char U+00F9 (decimal 249)
   defining Unicode char U+00FA (decimal 250)
   defining Unicode char U+00FB (decimal 251)
   defining Unicode char U+00FC (decimal 252)
   defining Unicode char U+00FD (decimal 253)
   defining Unicode char U+00FE (decimal 254)
   defining Unicode char U+00FF (decimal 255)
   defining Unicode char U+0102 (decimal 258)
   defining Unicode char U+0103 (decimal 259)
   defining Unicode char U+0104 (decimal 260)
   defining Unicode char U+0105 (decimal 261)
   defining Unicode char U+0106 (decimal 262)
   defining Unicode char U+0107 (decimal 263)
   defining Unicode char U+010C (decimal 268)
   defining Unicode char U+010D (decimal 269)
   defining Unicode char U+010E (decimal 270)
   defining Unicode char U+010F (decimal 271)
   defining Unicode char U+0110 (decimal 272)
   defining Unicode char U+0111 (decimal 273)
   defining Unicode char U+0118 (decimal 280)
   defining Unicode char U+0119 (decimal 281)
   defining Unicode char U+011A (decimal 282)
   defining Unicode char U+011B (decimal 283)
   defining Unicode char U+011E (decimal 286)
   defining Unicode char U+011F (decimal 287)
   defining Unicode char U+0130 (decimal 304)
   defining Unicode char U+0131 (decimal 305)
   defining Unicode char U+0139 (decimal 313)
   defining Unicode char U+013A (decimal 314)
   defining Unicode char U+013D (decimal 317)
   defining Unicode char U+013E (decimal 318)
   defining Unicode char U+0141 (decimal 321)
   defining Unicode char U+0142 (decimal 322)
   defining Unicode char U+0143 (decimal 323)
   defining Unicode char U+0144 (decimal 324)
   defining Unicode char U+0147 (decimal 327)
   defining Unicode char U+0148 (decimal 328)
   defining Unicode char U+014A (decimal 330)
   defining Unicode char U+014B (decimal 331)
   defining Unicode char U+0150 (decimal 336)
   defining Unicode char U+0151 (decimal 337)
   defining Unicode char U+0152 (decimal 338)
   defining Unicode char U+0153 (decimal 339)
   defining Unicode char U+0154 (decimal 340)
   defining Unicode char U+0155 (decimal 341)
   defining Unicode char U+0158 (decimal 344)
   defining Unicode char U+0159 (decimal 345)
   defining Unicode char U+015A (decimal 346)
   defining Unicode char U+015B (decimal 347)
   defining Unicode char U+015E (decimal 350)
   defining Unicode char U+015F (decimal 351)
   defining Unicode char U+0160 (decimal 352)
   defining Unicode char U+0161 (decimal 353)
   defining Unicode char U+0162 (decimal 354)
   defining Unicode char U+0163 (decimal 355)
   defining Unicode char U+0164 (decimal 356)
   defining Unicode char U+0165 (decimal 357)
   defining Unicode char U+016E (decimal 366)
   defining Unicode char U+016F (decimal 367)
   defining Unicode char U+0170 (decimal 368)
   defining Unicode char U+0171 (decimal 369)
   defining Unicode char U+0178 (decimal 376)
   defining Unicode char U+0179 (decimal 377)
   defining Unicode char U+017A (decimal 378)
   defining Unicode char U+017B (decimal 379)
   defining Unicode char U+017C (decimal 380)
   defining Unicode char U+017D (decimal 381)
   defining Unicode char U+017E (decimal 382)
   defining Unicode char U+200C (decimal 8204)
   defining Unicode char U+2013 (decimal 8211)
   defining Unicode char U+2014 (decimal 8212)
   defining Unicode char U+2018 (decimal 8216)
   defining Unicode char U+2019 (decimal 8217)
   defining Unicode char U+201A (decimal 8218)
   defining Unicode char U+201C (decimal 8220)
   defining Unicode char U+201D (decimal 8221)
   defining Unicode char U+201E (decimal 8222)
   defining Unicode char U+2030 (decimal 8240)
   defining Unicode char U+2031 (decimal 8241)
   defining Unicode char U+2039 (decimal 8249)
   defining Unicode char U+203A (decimal 8250)
   defining Unicode char U+2423 (decimal 9251)
)
Now handling font encoding OT1 ...
... processing UTF-8 mapping file for font encoding OT1

(/opt/local/share/texmf-dist/tex/latex/base/ot1enc.dfu
File: ot1enc.dfu 2004/02/09 v1.1b UTF-8 support for inputenc
   defining Unicode char U+00A1 (decimal 161)
   defining Unicode char U+00A3 (decimal 163)
   defining Unicode char U+00B8 (decimal 184)
   defining Unicode char U+00BF (decimal 191)
   defining Unicode char U+00C5 (decimal 197)
   defining Unicode char U+00C6 (decimal 198)
   defining Unicode char U+00D8 (decimal 216)
   defining Unicode char U+00DF (decimal 223)
   defining Unicode char U+00E6 (decimal 230)
   defining Unicode char U+00EC (decimal 236)
   defining Unicode char U+00ED (decimal 237)
   defining Unicode char U+00EE (decimal 238)
   defining Unicode char U+00EF (decimal 239)
   defining Unicode char U+00F8 (decimal 248)
   defining Unicode char U+0131 (decimal 305)
   defining Unicode char U+0141 (decimal 321)
   defining Unicode char U+0142 (decimal 322)
   defining Unicode char U+0152 (decimal 338)
   defining Unicode char U+0153 (decimal 339)
   defining Unicode char U+2013 (decimal 8211)
   defining Unicode char U+2014 (decimal 8212)
   defining Unicode char U+2018 (decimal 8216)
   defining Unicode char U+2019 (decimal 8217)
   defining Unicode char U+201C (decimal 8220)
   defining Unicode char U+201D (decimal 8221)
)
Now handling font encoding OMS ...
... processing UTF-8 mapping file for font encoding OMS

(/opt/local/share/texmf-dist/tex/latex/base/omsenc.dfu
File: omsenc.dfu 2004/02/09 v1.1b UTF-8 support for inputenc
   defining Unicode char U+00A7 (decimal 167)
   defining Unicode char U+00B6 (decimal 182)
   defining Unicode char U+02D9 (decimal 729)
   defining Unicode char U+2020 (decimal 8224)
   defining Unicode char U+2021 (decimal 8225)
   defining Unicode char U+2022 (decimal 8226)
)
Now handling font encoding OMX ...
... no UTF-8 mapping file for font encoding OMX
Now handling font encoding U ...
... no UTF-8 mapping file for font encoding U
   defining Unicode char U+00A9 (decimal 169)
   defining Unicode char U+00AA (decimal 170)
   defining Unicode char U+00AE (decimal 174)
   defining Unicode char U+00BA (decimal 186)
   defining Unicode char U+02C6 (decimal 710)
   defining Unicode char U+02CA (decimal 714)
   defining Unicode char U+200C (decimal 8204)
   defining Unicode char U+2026 (decimal 8230)
   defining Unicode char U+2122 (decimal 8482)
   defining Unicode char U+2423 (decimal 9251)
))
(/opt/local/share/texmf-dist/tex/latex/amsfonts/amssymb.sty
Package: amssymb 2002/01/22 v2.2d

(/opt/local/share/texmf-dist/tex/latex/amsfonts/amsfonts.sty
Package: amsfonts 2001/10/25 v2.2f
\@emptytoks=\toks14
\symAMSa=\mathgroup4
\symAMSb=\mathgroup5
LaTeX Font Info:    Overwriting math alphabet `\mathfrak' in version `bold'
(Font)                  U/euf/m/n --> U/euf/b/n on input line 132.
))
(/opt/local/share/texmf-dist/tex/latex/amsmath/amsmath.sty
Package: amsmath 2000/07/18 v2.13 AMS math features
\@mathmargin=\skip51

For additional information on amsmath, use the `?' option.
(/opt/local/share/texmf-dist/tex/latex/amsmath/amstext.sty
Package: amstext 2000/06/29 v2.01

(/opt/local/share/texmf-dist/tex/latex/amsmath/amsgen.sty
File: amsgen.sty 1999/11/30 v2.0
\@emptytoks=\toks15
\ex@=\dimen113
))
(/opt/local/share/texmf-dist/tex/latex/amsmath/amsbsy.sty
Package: amsbsy 1999/11/29 v1.2d
\pmbraise@=\dimen114
)
(/opt/local/share/texmf-dist/tex/latex/amsmath/amsopn.sty
Package: amsopn 1999/12/14 v2.01 operator names
)
\inf@bad=\count99
LaTeX Info: Redefining \frac on input line 211.
\uproot@=\count100
\leftroot@=\count101
LaTeX Info: Redefining \overline on input line 307.
\classnum@=\count102
\DOTSCASE@=\count103
LaTeX Info: Redefining \ldots on input line 379.
LaTeX Info: Redefining \dots on input line 382.
LaTeX Info: Redefining \cdots on input line 467.
\Mathstrutbox@=\box52
\strutbox@=\box53
\big@size=\dimen115
LaTeX Font Info:    Redeclaring font encoding OML on input line 567.
LaTeX Font Info:    Redeclaring font encoding OMS on input line 568.
\macc@depth=\count104
\c@MaxMatrixCols=\count105
\dotsspace@=\muskip10
\c@parentequation=\count106
\dspbrk@lvl=\count107
\tag@help=\toks16
\row@=\count108
\column@=\count109
\maxfields@=\count110
\andhelp@=\toks17
\eqnshift@=\dimen116
\alignsep@=\dimen117
\tagshift@=\dimen118
\tagwidth@=\dimen119
\totwidth@=\dimen120
\lineht@=\dimen121
\@envbody=\toks18
\multlinegap=\skip52
\multlinetaggap=\skip53
\mathdisplay@stack=\toks19
LaTeX Info: Redefining \[ on input line 2666.
LaTeX Info: Redefining \] on input line 2667.
)
(/opt/local/share/texmf-dist/tex/generic/babel/babel.sty
Package: babel 2004/11/20 v3.8d The Babel package

(/opt/local/share/texmf-dist/tex/generic/babel/portuges.ldf
Language: portuges 2004/02/19 v1.2p Portuguese support from the babel system

(/opt/local/share/texmf-dist/tex/generic/babel/babel.def
File: babel.def 2004/11/20 v3.8d Babel common definitions
\babel@savecnt=\count111
\U@D=\dimen122
)
Package babel Info: Making " an active character on input line 145.
)
(/opt/local/share/texmf-dist/tex/generic/babel/portuges.ldf
Language: portuges 2004/02/19 v1.2p Portuguese support from the babel system
\l@brazil = a dialect from \language\l@portuges 
))
(/opt/local/share/texmf-dist/tex/latex/boxedminipage/boxedminipage.sty)
(/opt/local/share/texmf-dist/tex/latex/listings/listings.sty
(/opt/local/share/texmf-dist/tex/latex/graphics/keyval.sty
Package: keyval 1999/03/16 v1.13 key=value parser (DPC)
\KV@toks@=\toks20
)
\lst@mode=\count112
\lst@gtempboxa=\box54
\lst@token=\toks21
\lst@length=\count113
\lst@currlwidth=\dimen123
\lst@column=\count114
\lst@pos=\count115
\lst@lostspace=\dimen124
\lst@width=\dimen125
\lst@newlines=\count116
\lst@lineno=\count117
\c@lstlisting=\count118
\lst@maxwidth=\dimen126

(/opt/local/share/texmf-dist/tex/latex/listings/lstpatch.sty
File: lstpatch.sty 2004/10/17 1.3b (Carsten Heinz)
)
(/opt/local/share/texmf-dist/tex/latex/listings/lstmisc.sty
File: lstmisc.sty 2004/09/07 1.3 (Carsten Heinz)
\c@lstnumber=\count119
\lst@skipnumbers=\count120
\lst@framebox=\box55
)
(/opt/local/share/texmf-dist/tex/latex/listings/listings.cfg
File: listings.cfg 2004/09/05 1.3 listings configuration
))
Package: listings 2004/10/17 1.3b (Carsten Heinz)

(/opt/local/share/texmf-dist/tex/latex/oberdiek/ifpdf.sty
Package: ifpdf 2001/06/14 v1.0 Providing \ifpdf (HO)
Package ifpdf Info: pdfTeX in pdf mode detected on input line 140.
)
(/opt/local/share/texmf-dist/tex/latex/tools/longtable.sty
Package: longtable 2004/02/01 v4.11 Multi-page Table package (DPC)
\LTleft=\skip54
\LTright=\skip55
\LTpre=\skip56
\LTpost=\skip57
\LTchunksize=\count121
\LTcapwidth=\dimen127
\LT@head=\box56
\LT@firsthead=\box57
\LT@foot=\box58
\LT@lastfoot=\box59
\LT@cols=\count122
\LT@rows=\count123
\c@LT@tables=\count124
\c@LT@chunks=\count125
\LT@p@ftn=\toks22
)
(/opt/local/share/texmf-dist/tex/latex/url/url.sty
\Urlmuskip=\muskip11
Package: url 2004/03/15  ver 3.1  Verb mode for urls, etc.
)
(/opt/local/share/texmf-dist/tex/latex/graphics/graphicx.sty
Package: graphicx 1999/02/16 v1.0f Enhanced LaTeX Graphics (DPC,SPQR)

(/opt/local/share/texmf-dist/tex/latex/graphics/graphics.sty
Package: graphics 2001/07/07 v1.0n Standard LaTeX Graphics (DPC,SPQR)

(/opt/local/share/texmf-dist/tex/latex/graphics/trig.sty
Package: trig 1999/03/16 v1.09 sin cos tan (DPC)
)
(/opt/local/share/texmf-dist/tex/latex/graphics/graphics.cfg
File: graphics.cfg 2005/02/03 v1.3 graphics configuration of teTeX/TeXLive
)
Package graphics Info: Driver file: pdftex.def on input line 80.

(/opt/local/share/texmf-dist/tex/latex/graphics/pdftex.def
File: pdftex.def 2002/06/19 v0.03k graphics/color for pdftex
\Gread@gobject=\count126
))
\Gin@req@height=\dimen128
\Gin@req@width=\dimen129
) (./tc1.aux
(./tc1-abreviaturas.aux))
\openout1 = `tc1.aux'.

LaTeX Font Info:    Checking defaults for OML/cmm/m/it on input line 23.
LaTeX Font Info:    ... okay on input line 23.
LaTeX Font Info:    Checking defaults for T1/cmr/m/n on input line 23.
LaTeX Font Info:    ... okay on input line 23.
LaTeX Font Info:    Checking defaults for OT1/cmr/m/n on input line 23.
LaTeX Font Info:    ... okay on input line 23.
LaTeX Font Info:    Checking defaults for OMS/cmsy/m/n on input line 23.
LaTeX Font Info:    ... okay on input line 23.
LaTeX Font Info:    Checking defaults for OMX/cmex/m/n on input line 23.
LaTeX Font Info:    ... okay on input line 23.
LaTeX Font Info:    Checking defaults for U/cmr/m/n on input line 23.
LaTeX Font Info:    ... okay on input line 23.

(/opt/local/share/texmf-dist/tex/context/base/supp-pdf.tex
(/opt/local/share/texmf-dist/tex/context/base/supp-mis.tex
loading : Context Support Macros / Miscellaneous (2004.10.26)
\protectiondepth=\count127
\scratchcounter=\count128
\scratchtoks=\toks23
\scratchdimen=\dimen130
\scratchskip=\skip58
\scratchmuskip=\muskip12
\scratchbox=\box60
\scratchread=\read1
\scratchwrite=\write3
\zeropoint=\dimen131
\onepoint=\dimen132
\onebasepoint=\dimen133
\minusone=\count129
\thousandpoint=\dimen134
\onerealpoint=\dimen135
\emptytoks=\toks24
\nextbox=\box61
\nextdepth=\dimen136
\everyline=\toks25
\!!counta=\count130
\!!countb=\count131
\recursecounter=\count132
)
loading : Context Support Macros / PDF (2004.03.26)
\nofMPsegments=\count133
\nofMParguments=\count134
\MPscratchCnt=\count135
\MPscratchDim=\dimen137
\MPnumerator=\count136
\everyMPtoPDFconversion=\toks26
) (./tc1-capa.tex
LaTeX Font Info:    Try loading font information for U+msa on input line 4.
 (/opt/local/share/texmf-dist/tex/latex/amsfonts/umsa.fd
File: umsa.fd 2002/01/19 v2.2g AMS font definitions
)
LaTeX Font Info:    Try loading font information for U+msb on input line 4.

(/opt/local/share/texmf-dist/tex/latex/amsfonts/umsb.fd
File: umsb.fd 2002/01/19 v2.2g AMS font definitions
)
<./Figuras/puc.jpg, id=1, 62.48344pt x 81.30376pt>
File: ./Figuras/puc.jpg Graphic file (type jpg)
 <use ./Figuras/puc.jpg>
<./Figuras/facin.jpg, id=2, 136.5903pt x 203.8014pt>
File: ./Figuras/facin.jpg Graphic file (type jpg)
 <use ./Figuras/facin.jpg>) [1

{/opt/local/share/texmf-var/fonts/map/pdftex/updmap/pdftex.map} <./Figuras/puc.
jpg> <./Figuras/facin.jpg>] (./tc1.toc [2

] [3])
\tf@toc=\write4
\openout4 = `tc1.toc'.

 [4] (./tc1.lof)
\tf@lof=\write5
\openout5 = `tc1.lof'.

 [5


]
(./tc1.lot)
\tf@lot=\write6
\openout6 = `tc1.lot'.

 [6

]
\openout2 = `tc1-abreviaturas.aux'.

 (./tc1-abreviaturas.tex
Overfull \hbox (36.4553pt too wide) in alignment at lines 5--10
 [] [] [] 
 []

) [7


]
Cap\'{\i }tulo 1.
(./tc1-introducao.tex [1


]) [2]
Cap\'{\i }tulo 2.
(./tc1-motivacao.tex [3

]) [4]
Cap\'{\i }tulo 3.
(./tc1-objetivos.tex
LaTeX Font Info:    Try loading font information for OMS+cmr on input line 4.
 (/opt/local/share/texmf-dist/tex/latex/base/omscmr.fd
File: omscmr.fd 1999/05/25 v2.5h Standard LaTeX font definitions
)
LaTeX Font Info:    Font shape `OMS/cmr/m/n' in size <12> not available
(Font)              Font shape `OMS/cmsy/m/n' tried instead on input line 4.
)
[5

]
Cap\'{\i }tulo 4.
(./tc1-metodologia.tex) [6

]
Cap\'{\i }tulo 5.
(./tc1-referencial-teorico.tex <fases.pdf, id=69, 460.72125pt x 450.68375pt>
File: fases.pdf Graphic file (type pdf)

<use fases.pdf> [7

] [8 <./fases.pdf>]
<tree.pdf, id=149, 765.86125pt x 365.365pt>
File: tree.pdf Graphic file (type pdf)
 <use tree.pdf> [9] [10 <./tree.pdf>]
Underfull \hbox (badness 10000) in paragraph at lines 103--105

 []

[11] [12]
Underfull \hbox (badness 10000) in paragraph at lines 173--173
[]\OT1/cmr/bx/n/10.95 Lan^^Xcamento,
 []


Underfull \hbox (badness 10000) in paragraph at lines 173--173
\OT1/cmr/bx/n/10.95 re-fer^encia na
 []


Underfull \hbox (badness 3168) in paragraph at lines 178--178
[]\OT1/cmr/m/n/10.95 Longman Wri-ten Ame-ri-can
 []


Underfull \hbox (badness 10000) in paragraph at lines 180--181
[]\OT1/cmr/m/n/10.95 ingl^es brit^anico
 []


Underfull \hbox (badness 2027) in paragraph at lines 184--184
[]\OT1/cmr/m/n/10.95 CHILDES (Child Lan-guage
 []


Underfull \hbox (badness 1895) in paragraph at lines 188--188
\OT1/cmr/m/n/10.95 ver-sity Stan-dart Cor-pus of
 []


Underfull \hbox (badness 7362) in paragraph at lines 188--188
\OT1/cmr/m/n/10.95 Present-day Ame-ri-can En-
 []

[13]
Underfull \hbox (badness 10000) in paragraph at lines 220--220
[]\OT1/cmr/m/n/10.95 Conjun^^Xc~ao Co-or-de-na-
 []


Underfull \hbox (badness 10000) in paragraph at lines 230--230
[]\OT1/cmr/m/n/10.95 Preposi^^Xc~ao ou con-
 []


Underfull \hbox (badness 4518) in paragraph at lines 244--245
[]\OT1/cmr/m/n/10.95 Verbo par-tic^^S^^Ppio pas-
 []


Underfull \hbox (badness 10000) in paragraph at lines 250--251
[]\OT1/cmr/m/n/10.95 Determinador in-ter-ro-
 []


Underfull \hbox (badness 3907) in paragraph at lines 254--255
[]\OT1/cmr/m/n/10.95 Pronome in-ter-ro-ga-tivo
 []


Underfull \hbox (badness 3977) in paragraph at lines 288--288
[]\OT1/cmr/m/n/10.95 Sintagma de clau-sula
 []


Underfull \hbox (badness 2261) in paragraph at lines 288--289
[]\OT1/cmr/m/n/10.95 Sintagma de sen-ten^^Xca
 []


Underfull \hbox (badness 2261) in paragraph at lines 290--290
[]\OT1/cmr/m/n/10.95 Sintagma de sen-ten^^Xca
 []


Underfull \hbox (badness 10000) in paragraph at lines 290--291
[]\OT1/cmr/m/n/10.95 Sintagma de-cla-ra-tivo
 []


Underfull \hbox (badness 5260) in paragraph at lines 292--292
[]\OT1/cmr/m/n/10.95 SIntagma de quest~ao
 []


Underfull \hbox (badness 5832) in paragraph at lines 292--292
\OT1/cmr/m/n/10.95 sim/n~ao e sub-cons-ti-
 []


Underfull \hbox (badness 10000) in paragraph at lines 296--297
[]\OT1/cmr/m/n/10.95 Sintagma de cons-ti-
 []


Underfull \hbox (badness 7238) in paragraph at lines 322--322
[]\OT1/cmr/m/n/10.95 portugu^es bra-si-
 []


Underfull \hbox (badness 10000) in paragraph at lines 326--327
[]\OT1/cmr/m/n/10.95 Projeto Lin-gua-
 []


Underfull \hbox (badness 7238) in paragraph at lines 330--330
[]\OT1/cmr/m/n/10.95 portugu^es bra-si-
 []


Underfull \hbox (badness 10000) in paragraph at lines 334--334
[]\OT1/cmr/m/n/10.95 portugu^es dos
 []


Underfull \hbox (badness 10000) in paragraph at lines 334--334
\OT1/cmr/m/n/10.95 v^^Sarios pa^^S^^Pses
 []


Underfull \hbox (badness 10000) in paragraph at lines 334--334
\OT1/cmr/m/n/10.95 lus^^Sofonos, com
 []


Underfull \hbox (badness 10000) in paragraph at lines 334--334
\OT1/cmr/m/n/10.95 pre-do-min^ancia
 []


Underfull \hbox (badness 10000) in paragraph at lines 334--334
\OT1/cmr/m/n/10.95 da va-ri-e-dade
 []


Underfull \hbox (badness 3568) in paragraph at lines 334--335
[]\OT1/cmr/m/n/10.95 CLUL - Cen-tro
 []


Underfull \hbox (badness 10000) in paragraph at lines 334--335
\OT1/cmr/m/n/10.95 Uni-ver-si-dade de
 []


Underfull \hbox (badness 7238) in paragraph at lines 338--338
[]\OT1/cmr/m/n/10.95 portugu^es bra-si-
 []


Underfull \hbox (badness 10000) in paragraph at lines 338--339
\OT1/cmr/m/n/10.95 CAR, UNESP
 []

[14] [15] [16]
Underfull \hbox (badness 10000) in paragraph at lines 367--368

 []

[17]
Overfull \hbox (0.1308pt too wide) in paragraph at lines 379--380
[]\OT1/cmr/m/n/12 A cada pa-la-vra tamb^^Sem ^^Se as-so-ci-ado o seu lema, e in
-forma^^Xc~oes mor-fos-sint^^Saticas (g^enero,
 []


Overfull \hbox (8.34122pt too wide) in paragraph at lines 381--382
\OT1/cmr/m/n/12 resta Sint^^Satica em $\OT1/cmtt/m/n/12 http : / / linguateca .
 dei . uc . pt / Floresta / BibliaFlorestal / anexo1 .
 []


Overfull \hbox (0.9788pt too wide) in paragraph at lines 503--503
[]\OT1/cmr/bx/n/17.28 Diagrama ge-ral do pro-cesso de \OT1/cmr/bx/it/17.28 par-
sing \OT1/cmr/bx/n/17.28 es-tat^^S^^Pstico
 []

<parser_schema.pdf, id=205, 696.6025pt x 534.99875pt>
File: parser_schema.pdf Graphic file (type pdf)
 <use parser_schema.pdf>
[18] [19] [20 <./parser_schema.pdf>]) [21]
Cap\'{\i }tulo 6.
(./tc1-semantic.tex
Overfull \hbox (10.59811pt too wide) in paragraph at lines 1--2
\OT1/cmtt/m/n/12 pub / 2006 / Painel[]Result / vglobal[]projecto . asp ? idProj
ecto = 81157&idElemConcurso =
 []

[22

] [23] [24]) [25] [26]
Cap\'{\i }tulo 7.
(./tc1-collins.tex
Overfull \hbox (0.13626pt too wide) in paragraph at lines 8--9
[]\OT1/cmr/m/n/12 Segundo Col-lins (1999), o uso de t^^Secnicas es-tat^^S^^Psti
cas para o apren-di-zado de gram^^Saticas
 []


Underfull \hbox (badness 10000) in paragraph at lines 14--18

 []


Underfull \hbox (badness 10000) in paragraph at lines 14--18

 []


Underfull \hbox (badness 10000) in paragraph at lines 14--18

 []

[27

]
Underfull \hbox (badness 10000) in paragraph at lines 19--21

 []


Underfull \hbox (badness 10000) in paragraph at lines 19--21

 []


Overfull \hbox (32.08733pt too wide) in paragraph at lines 41--42
[]\OT1/cmr/m/n/12 Existe grande quan-ti-dade de ^^Sarvores ge-ra-das, pois se-r
ia poss^^S^^Pvel re-la-ci-o-nar "os bin^^Soculos"com
 []


Underfull \hbox (badness 10000) in paragraph at lines 44--46

 []


Underfull \hbox (badness 10000) in paragraph at lines 44--46

 []

[28]
Underfull \hbox (badness 10000) in paragraph at lines 71--73

 []


Underfull \hbox (badness 10000) in paragraph at lines 71--73

 []


Underfull \hbox (badness 10000) in paragraph at lines 74--78

 []


Underfull \hbox (badness 10000) in paragraph at lines 74--78

 []


Underfull \hbox (badness 10000) in paragraph at lines 74--78

 []


Underfull \hbox (badness 10000) in paragraph at lines 89--93

 []

[29] [30] <ambig.jpg, id=447, 496.85625pt x 471.26062pt>
File: ambig.jpg Graphic file (type jpg)
 <use ambig.jpg>
[31 <./ambig.jpg>]
Overfull \hbox (4.76231pt too wide) in paragraph at lines 149--150
[]\OT1/cmr/m/n/12 O de-sen-vol-vi-mento de mo-de-los con-tendo par^ametros cor-
res-pon-den-tes as de-pend^encias
 []

[32] [33] [34] [35]
Underfull \hbox (badness 10000) in paragraph at lines 249--251

 []


Underfull \hbox (badness 10000) in paragraph at lines 252--254

 []

[36] [37]) [38]
Cap\'{\i }tulo 8.
(./tc1-avaliacao.tex
Underfull \hbox (badness 10000) in paragraph at lines 1--3

 []


Underfull \hbox (badness 10000) in paragraph at lines 3--5

 []


Underfull \hbox (badness 10000) in paragraph at lines 5--7

 []

) [39

]
Cap\'{\i }tulo 9.
(./tc1-parsing-bikel.tex
Underfull \hbox (badness 10000) in paragraph at lines 14--15

 []

[40

]
Overfull \hbox (19.91684pt too wide) in paragraph at lines 37--38
[][] 
 []


Underfull \hbox (badness 10000) in paragraph at lines 37--38

 []


Underfull \hbox (badness 10000) in paragraph at lines 39--40

 []


Overfull \hbox (19.91684pt too wide) in paragraph at lines 56--57
[][] 
 []


Underfull \hbox (badness 10000) in paragraph at lines 56--57

 []


Overfull \hbox (38.40376pt too wide) in paragraph at lines 58--59
[]\OT1/cmr/bx/n/8 Par^ametros para Mo-de-los de Bi-kel, mas ^^Se ig-no-rado qua
ndo o par^ametro dan-bi-kel.model.precomputeProbabilities
 []


Underfull \hbox (badness 10000) in paragraph at lines 58--59

 []


Overfull \hbox (19.91684pt too wide) in paragraph at lines 63--64
[][] 
 []


Underfull \hbox (badness 10000) in paragraph at lines 63--64

 []


Underfull \hbox (badness 10000) in paragraph at lines 65--66

 []

[41]
Overfull \hbox (19.91684pt too wide) in paragraph at lines 76--77
[][] 
 []


Underfull \hbox (badness 10000) in paragraph at lines 76--77

 []


Underfull \hbox (badness 10000) in paragraph at lines 78--79

 []


Overfull \hbox (19.91684pt too wide) in paragraph at lines 104--105
[][] 
 []


Underfull \hbox (badness 10000) in paragraph at lines 104--105

 []


Underfull \hbox (badness 10000) in paragraph at lines 106--107

 []

[42]
Overfull \hbox (19.91684pt too wide) in paragraph at lines 143--144
[][] 
 []


Underfull \hbox (badness 10000) in paragraph at lines 143--144

 []

[43] [44]) [45]
Cap\'{\i }tulo 10.
(./tc1-result-parciais.tex [46

] [47] [48]) [49]
Cap\'{\i }tulo 11.
(./tc1-consideracoes-finais.tex) (./tc1.bbl [50

]
Underfull \hbox (badness 10000) in paragraph at lines 46--49
[]\OT1/cmr/m/n/12 Branco, Ant^^Sonio. \OT1/cmr/bx/n/12 Se-man-tic share pro-jec
t\OT1/cmr/m/n/12 . 2009.
 []

[51

] [52])
+-------------------------------------------------------------------+
| Comentario, sugestao ou critica sobre o abnTeX? Entre em contato: |
|                  http://abntex.codigolivre.org.br                 |
+-------------------------------------------------------------------+
[53] (./tc1.aux (./tc1-abreviaturas.aux)) ) 
Here is how much of TeX's memory you used:
 4556 strings out of 94500
 58855 string characters out of 1174973
 131734 words of memory out of 1000000
 7580 multiletter control sequences out of 10000+50000
 18979 words of font info for 70 fonts, out of 500000 for 2000
 580 hyphenation exceptions out of 1000
 28i,15n,42p,1297b,342s stack positions out of 1500i,500n,5000p,200000b,5000s
PDF statistics:
 534 PDF objects out of 300000
 0 named destinations out of 131072
 31 words of extra memory for PDF output out of 65536
</opt/local/share/texmf-dist/fonts/t
ype1/bluesky/cm/cmtt8.pfb></opt/local/share/texmf-dist/fonts/type1/bluesky/cm/c
mti8.pfb></opt/local/share/texmf-dist/fonts/type1/bluesky/cm/cmbx8.pfb></opt/lo
cal/share/texmf-dist/fonts/type1/bluesky/cm/cmti10.pfb></opt/local/share/texmf-
dist/fonts/type1/bluesky/cm/cmr7.pfb></opt/local/share/texmf-dist/fonts/type1/p
ublic/tt2001/fmex8.pfb></opt/local/share/texmf-dist/fonts/type1/bluesky/cm/cmmi
6.pfb></opt/local/share/texmf-dist/fonts/type1/bluesky/cm/cmsy8.pfb></opt/local
/share/texmf-dist/fonts/type1/bluesky/cm/cmmi8.pfb></opt/local/share/texmf-dist
/fonts/type1/bluesky/cm/cmex10.pfb></opt/local/share/texmf-dist/fonts/type1/blu
esky/cm/cmr6.pfb></opt/local/share/texmf-dist/fonts/type1/bluesky/cm/cmmi12.pfb
></opt/local/share/texmf-dist/fonts/type1/bluesky/cm/cmr8.pfb></opt/local/share
/texmf-dist/fonts/type1/bluesky/cm/cmbx10.pfb></opt/local/share/texmf-dist/font
s/type1/bluesky/cm/cmtt12.pfb></opt/local/share/texmf-dist/fonts/type1/bluesky/
cm/cmsy10.pfb></opt/local/share/texmf-dist/fonts/type1/bluesky/cm/cmr10.pfb></o
pt/local/share/texmf-dist/fonts/type1/bluesky/cm/cmbxti10.pfb></opt/local/share
/texmf-dist/fonts/type1/bluesky/cm/cmbx12.pfb></opt/local/share/texmf-dist/font
s/type1/bluesky/cm/cmr12.pfb></opt/local/share/texmf-dist/fonts/type1/bluesky/c
m/cmr17.pfb></opt/local/share/texmf-dist/fonts/type1/bluesky/cm/cmti12.pfb></op
t/local/share/texmf-dist/fonts/type1/bluesky/cm/cmss12.pfb>
Output written on tc1.pdf (60 pages, 571227 bytes).
